http://www.foodnetwork.com/recipes/alton-brown/10-minute-apple-sauce-recipe2.html
http://www.foodnetwork.com/recipes/alton-brown/10-minute-apple-sauce-recipe.html
http://www.foodnetwork.com/recipes/alton-brown/40-cloves-and-a-chicken-recipe.html
http://www.foodnetwork.com/recipes/alton-brown/4-pepper-deviled-eggs-recipe.html
http://www.foodnetwork.com/recipes/alton-brown/abs-b-and-bs-recipe.html
http://www.foodnetwork.com/recipes/alton-brown/abs-beefy-broth-recipe.html
http://www.foodnetwork.com/recipes/alton-brown/abs-chili-powder-recipe.html
http://www.foodnetwork.com/recipes/alton-brown/abs-martini-recipe.html
http://www.foodnetwork.com/recipes/alton-brown/acid-jellies-recipe.html
http://www.foodnetwork.com/recipes/alton-brown/all-american-beef-taco-recipe.html
http://www.foodnetwork.com/recipes/alton-brown/alton-brown-ma-maes-congealed-christmas-salad-recipe.html
http://www.foodnetwork.com/recipes/alton-brown/alton-browns-buffalo-wings-recipe.html
http://www.foodnetwork.com/recipes/alton-brown/alton-browns-molasses-and-coffee-pork-chops-recipe.html
http://www.foodnetwork.com/recipes/alton-brown/alton-red-sauce-recipe.html
http://www.foodnetwork.com/recipes/alton-brown/ambrosia-recipe.html
http://www.foodnetwork.com/recipes/alton-brown/angel-food-cake-recipe.html
http://www.foodnetwork.com/recipes/alton-brown/ants-in-trees-recipe.html
http://www.foodnetwork.com/recipes/alton-brown/apple-spice-bundt-cake-with-rum-glaze-recipe.html
http://www.foodnetwork.com/recipes/alton-brown/artichoke-pasta-salad-recipe.html
http://www.foodnetwork.com/recipes/alton-brown/asian-slaw-recipe.html
http://www.foodnetwork.com/recipes/alton-brown/asparagus-terrine-recipe.html
http://www.foodnetwork.com/recipes/alton-brown/atomic-apples-recipe.html
http://www.foodnetwork.com/recipes/alton-brown/aunt-vernas-orange-cake-recipe.html
http://www.foodnetwork.com/recipes/alton-brown/avocado-buttercream-frosting-recipe.html
http://www.foodnetwork.com/recipes/alton-brown/avocado-compound-butter-recipe.html
http://www.foodnetwork.com/recipes/alton-brown/avocado-ice-cream-recipe.html
http://www.foodnetwork.com/recipes/alton-brown/baba-ghannouj-recipe.html
http://www.foodnetwork.com/recipes/alton-brown/backyard-baby-back-ribs-recipe.html
http://www.foodnetwork.com/recipes/alton-brown/bacon-vinaigrette-with-grilled-radicchio-recipe.html
http://www.foodnetwork.com/recipes/alton-brown/baked-alaska-recipe.html
http://www.foodnetwork.com/recipes/alton-brown/baked-banana-pudding-recipe.html
http://www.foodnetwork.com/recipes/alton-brown/baked-barley-recipe.html
http://www.foodnetwork.com/recipes/alton-brown/baked-brown-rice-recipe.html
http://www.foodnetwork.com/recipes/alton-brown/baked-greens-chips-recipe.html
http://www.foodnetwork.com/recipes/alton-brown/baked-macaroni-and-cheese.html
http://www.foodnetwork.com/recipes/alton-brown/baked-macaroni-and-cheese-recipe.html
http://www.foodnetwork.com/recipes/alton-brown/baked-meatballs-recipe.html
http://www.foodnetwork.com/recipes/alton-brown/baked-oysters-brownefeller-recipe.html
http://www.foodnetwork.com/recipes/alton-brown/baked-stuffed-flounder-recipe.html
http://www.foodnetwork.com/recipes/alton-brown/baker-baker-recipe2.html
http://www.foodnetwork.com/recipes/alton-brown/baker-baker-recipe.html
http://www.foodnetwork.com/recipes/alton-brown/baklava-recipe.html
http://www.foodnetwork.com/recipes/alton-brown/banana-ice-cream-recipe.html
http://www.foodnetwork.com/recipes/alton-brown/bananas-foster-recipe.html
http://www.foodnetwork.com/recipes/alton-brown/banana-splitsville-recipe2.html
http://www.foodnetwork.com/recipes/alton-brown/banana-splitsville-recipe.html
http://www.foodnetwork.com/recipes/alton-brown/barbecue-pork-butt-recipe.html
http://www.foodnetwork.com/recipes/alton-brown/barbecue-st-louis-pork-ribs-recipe2.html
http://www.foodnetwork.com/recipes/alton-brown/barbecue-st-louis-pork-ribs-recipe.html
http://www.foodnetwork.com/recipes/alton-brown/barley-and-lamb-stew-recipe.html
http://www.foodnetwork.com/recipes/alton-brown/barley-bread-recipe.html
http://www.foodnetwork.com/recipes/alton-brown/barley-salad-recipe.html
http://www.foodnetwork.com/recipes/alton-brown/barley-water-recipe.html
http://www.foodnetwork.com/recipes/alton-brown/basic-brussels-sprouts-recipe.html
http://www.foodnetwork.com/recipes/alton-brown/basic-cooked-wheat-berries-recipe.html
http://www.foodnetwork.com/recipes/alton-brown/basic-edamame-recipe.html
http://www.foodnetwork.com/recipes/alton-brown/basic-popovers-recipe.html
http://www.foodnetwork.com/recipes/alton-brown/basic-waffle-recipe2.html
http://www.foodnetwork.com/recipes/alton-brown/basic-waffle-recipe.html
http://www.foodnetwork.com/recipes/alton-brown/beef-and-barley-stew-recipe.html
http://www.foodnetwork.com/recipes/alton-brown/beef-carpaccio-recipe.html
http://www.foodnetwork.com/recipes/alton-brown/beef-jerky-recipe.html
http://www.foodnetwork.com/recipes/alton-brown/beef-paillard-recipe.html
http://www.foodnetwork.com/recipes/alton-brown/beef-tenderloin-in-salt-crust-recipe.html
http://www.foodnetwork.com/recipes/alton-brown/beer-bread-recipe.html
http://www.foodnetwork.com/recipes/alton-brown/beet-green-gratin-recipe.html
http://www.foodnetwork.com/recipes/alton-brown/beet-slaw-recipe.html
http://www.foodnetwork.com/recipes/alton-brown/berry-crisps-with-streusel-recipe.html
http://www.foodnetwork.com/recipes/alton-brown/best-burger-ever-recipe.html
http://www.foodnetwork.com/recipes/alton-brown/best-ever-green-bean-casserole-recipe.html
http://www.foodnetwork.com/recipes/alton-brown/best-gravy-ever-recipe.html
http://www.foodnetwork.com/recipes/alton-brown/best-mustard-ever-recipe.html
http://www.foodnetwork.com/recipes/alton-brown/better-than-grannies-creamed-corn-recipe.html
http://www.foodnetwork.com/recipes/alton-brown/big-cheese-squeeze-recipe2.html
http://www.foodnetwork.com/recipes/alton-brown/big-cheese-squeeze-recipe.html
http://www.foodnetwork.com/recipes/alton-brown/bi-level-king-salmon-fillet-recipe.html
http://www.foodnetwork.com/recipes/alton-brown/bird-to-the-last-drop-recipe2.html
http://www.foodnetwork.com/recipes/alton-brown/bird-to-the-last-drop-recipe.html
http://www.foodnetwork.com/recipes/alton-brown/black-bean-salad-recipe.html
http://www.foodnetwork.com/recipes/alton-brown/blackberry-grunt-recipe.html
http://www.foodnetwork.com/recipes/alton-brown/black-pepper-mango-sorbet-recipe.html
http://www.foodnetwork.com/recipes/alton-brown/bloody-mary-recipe.html
http://www.foodnetwork.com/recipes/alton-brown/bloody-marys-with-tomato-vodka.html
http://www.foodnetwork.com/recipes/alton-brown/blueberry-buckle-recipe.html
http://www.foodnetwork.com/recipes/alton-brown/blueberry-muffins-recipe.html
http://www.foodnetwork.com/recipes/alton-brown/blueberry-soda-recipe.html
http://www.foodnetwork.com/recipes/alton-brown/blue-cheese-dressing-recipe.html
http://www.foodnetwork.com/recipes/alton-brown/boiled-peanut-soup-recipe.html
http://www.foodnetwork.com/recipes/alton-brown/boiled-peanuts-recipe.html
http://www.foodnetwork.com/recipes/alton-brown/boston-brown-bread-recipe.html
http://www.foodnetwork.com/recipes/alton-brown/bourbon-bananas-foster-recipe.html
http://www.foodnetwork.com/recipes/alton-brown/bourbon-chocolate-frosting-recipe.html
http://www.foodnetwork.com/recipes/alton-brown/bourbon-pecan-pie-recipe.html
http://www.foodnetwork.com/recipes/alton-brown/bowl-smoked-shrimp-recipe.html
http://www.foodnetwork.com/recipes/alton-brown/braciole-recipe.html
http://www.foodnetwork.com/recipes/alton-brown/braised-celery-recipe.html
http://www.foodnetwork.com/recipes/alton-brown/breakfast-sausage-recipe.html
http://www.foodnetwork.com/recipes/alton-brown/brined-and-smoked-smelt-recipe.html
http://www.foodnetwork.com/recipes/alton-brown/brined-and-smoked-smelts-recipe.html
http://www.foodnetwork.com/recipes/alton-brown/broccoli-casserole-recipe.html
http://www.foodnetwork.com/recipes/alton-brown/broiled-butterflied-chicken-recipe.html
http://www.foodnetwork.com/recipes/alton-brown/broiled-chokes-recipe2.html
http://www.foodnetwork.com/recipes/alton-brown/broiled-chokes-recipe.html
http://www.foodnetwork.com/recipes/alton-brown/broiled-curried-flower-recipe.html
http://www.foodnetwork.com/recipes/alton-brown/broiled-salmon-with-abs-spice-pomade-recipe.html
http://www.foodnetwork.com/recipes/alton-brown/broiled-sockeye-salmon-with-citrus-glaze-recipe.html
http://www.foodnetwork.com/recipes/alton-brown/brown-rice-crispy-bar-recipe.html
http://www.foodnetwork.com/recipes/alton-brown/brown-rice-salad-recipe.html
http://www.foodnetwork.com/recipes/alton-brown/bruschetta-recipe.html
http://www.foodnetwork.com/recipes/alton-brown/brussels-sprouts-with-bacon-and-cheese-recipe.html
http://www.foodnetwork.com/recipes/alton-brown/brussels-sprouts-with-pecans-and-cranberries.html
http://www.foodnetwork.com/recipes/alton-brown/brussels-sprouts-with-pecans-and-cranberries-recipe.html
http://www.foodnetwork.com/recipes/alton-brown/buffalo-wings-recipe.html
http://www.foodnetwork.com/recipes/alton-brown/buff-smoothie-recipe.html
http://www.foodnetwork.com/recipes/alton-brown/bulgur-gazpacho-recipe.html
http://www.foodnetwork.com/recipes/alton-brown/burger-of-the-gods-recipe2.html
http://www.foodnetwork.com/recipes/alton-brown/burger-of-the-gods-recipe.html
http://www.foodnetwork.com/recipes/alton-brown/burned-peach-ice-cream-recipe2.html
http://www.foodnetwork.com/recipes/alton-brown/burned-peach-ice-cream-recipe.html
http://www.foodnetwork.com/recipes/alton-brown/buttercream-recipe.html
http://www.foodnetwork.com/recipes/alton-brown/butter-flake-rolls-recipe.html
http://www.foodnetwork.com/recipes/alton-brown/butterflied-dry-brined-roasted-turkey-with-roasted-root-vegetable-panzanella-recipe.html
http://www.foodnetwork.com/recipes/alton-brown/buttermilk-pound-cake-recipe.html
http://www.foodnetwork.com/recipes/alton-brown/butternut-dumplings-with-brown-butter-and-sage-recipe.html
http://www.foodnetwork.com/recipes/alton-brown/california-roll-recipe.html
http://www.foodnetwork.com/recipes/alton-brown/candied-ginger-recipe.html
http://www.foodnetwork.com/recipes/alton-brown/candy-corn-recipe2.html
http://www.foodnetwork.com/recipes/alton-brown/candy-corn-recipe.html
http://www.foodnetwork.com/recipes/alton-brown/cape-fear-punch-recipe.html
http://www.foodnetwork.com/recipes/alton-brown/caramelized-grape-pie-recipe.html
http://www.foodnetwork.com/recipes/alton-brown/carrot-cake-recipe.html
http://www.foodnetwork.com/recipes/alton-brown/carrot-slaw-recipe.html
http://www.foodnetwork.com/recipes/alton-brown/cashew-sauce-recipe.html
http://www.foodnetwork.com/recipes/alton-brown/catfish-au-lait-recipe.html
http://www.foodnetwork.com/recipes/alton-brown/catfish-ceviche-recipe.html
http://www.foodnetwork.com/recipes/alton-brown/catfish-soup-recipe.html
http://www.foodnetwork.com/recipes/alton-brown/cauliflower-say-cheese-recipe.html
http://www.foodnetwork.com/recipes/alton-brown/cauliflower-slaw-recipe.html
http://www.foodnetwork.com/recipes/alton-brown/celeriac-puree-recipe.html
http://www.foodnetwork.com/recipes/alton-brown/celery-remoulade-recipe.html
http://www.foodnetwork.com/recipes/alton-brown/celery-soda-recipe.html
http://www.foodnetwork.com/recipes/alton-brown/center-cut-tenderloin-roast-recipe.html
http://www.foodnetwork.com/recipes/alton-brown/chain-of-bull-cheese-steaks-recipe.html
http://www.foodnetwork.com/recipes/alton-brown/cheese-grits-recipe.html
http://www.foodnetwork.com/recipes/alton-brown/cheese-souffle-recipe.html
http://www.foodnetwork.com/recipes/alton-brown/cheese-soup-recipe.html
http://www.foodnetwork.com/recipes/alton-brown/cherry-couscous-pudding-recipe.html
http://www.foodnetwork.com/recipes/alton-brown/chicken-and-dropped-dumplings-recipe.html
http://www.foodnetwork.com/recipes/alton-brown/chicken-and-rolled-dumplings-recipe.html
http://www.foodnetwork.com/recipes/alton-brown/chicken-biscuit-pot-pie-recipe.html
http://www.foodnetwork.com/recipes/alton-brown/chicken-fried-steak-recipe.html
http://www.foodnetwork.com/recipes/alton-brown/chicken-kiev-recipe.html
http://www.foodnetwork.com/recipes/alton-brown/chicken-liver-mousse-recipe.html
http://www.foodnetwork.com/recipes/alton-brown/chicken-noodle-soup-recipe.html
http://www.foodnetwork.com/recipes/alton-brown/chicken-stock-recipe.html
http://www.foodnetwork.com/recipes/alton-brown/chimney-tuna-loin-recipe3.html
http://www.foodnetwork.com/recipes/alton-brown/chimney-tuna-loin-recipe.html
http://www.foodnetwork.com/recipes/alton-brown/chipotle-smashed-sweet-potatoes-recipe2.html
http://www.foodnetwork.com/recipes/alton-brown/chipotle-smashed-sweet-potatoes-recipe.html
http://www.foodnetwork.com/recipes/alton-brown/chips-and-fish-recipe2.html
http://www.foodnetwork.com/recipes/alton-brown/chips-and-fish-recipe.html
http://www.foodnetwork.com/recipes/alton-brown/chocapocalypse-cookie-recipe.html
http://www.foodnetwork.com/recipes/alton-brown/chocolate-bread-pudding-recipe.html
http://www.foodnetwork.com/recipes/alton-brown/chocolate-coconut-balls-recipe.html
http://www.foodnetwork.com/recipes/alton-brown/chocolate-doughnut-glaze-recipe.html
http://www.foodnetwork.com/recipes/alton-brown/chocolate-frosting-for-devils-food-cake-recipe.html
http://www.foodnetwork.com/recipes/alton-brown/chocolate-fudge-recipe.html
http://www.foodnetwork.com/recipes/alton-brown/chocolate-ice-cream-recipe.html
http://www.foodnetwork.com/recipes/alton-brown/chocolate-lava-muffins-recipe2.html
http://www.foodnetwork.com/recipes/alton-brown/chocolate-lava-muffins-recipe.html
http://www.foodnetwork.com/recipes/alton-brown/chocolate-mousse-recipe0.html
http://www.foodnetwork.com/recipes/alton-brown/chocolate-mousse-recipe2.html
http://www.foodnetwork.com/recipes/alton-brown/chocolate-mousse-recipe.html
http://www.foodnetwork.com/recipes/alton-brown/chocolate-peppermint-pinwheel-cookies-recipe2.html
http://www.foodnetwork.com/recipes/alton-brown/chocolate-peppermint-pinwheel-cookies-recipe4.html
http://www.foodnetwork.com/recipes/alton-brown/chocolate-pudding-recipe.html
http://www.foodnetwork.com/recipes/alton-brown/chocolate-taffy-recipe.html
http://www.foodnetwork.com/recipes/alton-brown/chocolate-truffles-recipe.html
http://www.foodnetwork.com/recipes/alton-brown/chocolate-waffle-recipe2.html
http://www.foodnetwork.com/recipes/alton-brown/chocolate-waffle-recipe.html
http://www.foodnetwork.com/recipes/alton-brown/christmas-soup-recipe.html
http://www.foodnetwork.com/recipes/alton-brown/cinnamon-cherry-heart-recipe.html
http://www.foodnetwork.com/recipes/alton-brown/citrus-glaze-recipe.html
http://www.foodnetwork.com/recipes/alton-brown/citrus-marinated-olives-recipe2.html
http://www.foodnetwork.com/recipes/alton-brown/citrus-marinated-olives-recipe.html
http://www.foodnetwork.com/recipes/alton-brown/city-ham-recipe.html
http://www.foodnetwork.com/recipes/alton-brown/clam-chowder-recipe.html
http://www.foodnetwork.com/recipes/alton-brown/clams-on-the-half-shell-with-fresh-mayonnaise-recipe.html
http://www.foodnetwork.com/recipes/alton-brown/clarified-butter.html
http://www.foodnetwork.com/recipes/alton-brown/clarified-butter-recipe.html
http://www.foodnetwork.com/recipes/alton-brown/clotted-cream-recipe2.html
http://www.foodnetwork.com/recipes/alton-brown/clotted-cream-recipe.html
http://www.foodnetwork.com/recipes/alton-brown/cocoa-brownies-recipe.html
http://www.foodnetwork.com/recipes/alton-brown/cocoa-nib-frappe-recipe.html
http://www.foodnetwork.com/recipes/alton-brown/cocoa-nib-hot-chocolate-recipe.html
http://www.foodnetwork.com/recipes/alton-brown/cocoa-syrup-recipe.html
http://www.foodnetwork.com/recipes/alton-brown/cocoa-whipped-cream-recipe.html
http://www.foodnetwork.com/recipes/alton-brown/coconut-cake-with-7-minute-frosting-recipe.html
http://www.foodnetwork.com/recipes/alton-brown/coconut-extract-recipe.html
http://www.foodnetwork.com/recipes/alton-brown/coconut-milk-and-cream-recipe.html
http://www.foodnetwork.com/recipes/alton-brown/coconut-shrimp-with-peanut-sauce-recipe.html
http://www.foodnetwork.com/recipes/alton-brown/coffee-granita-recipe2.html
http://www.foodnetwork.com/recipes/alton-brown/coffee-granita-recipe.html
http://www.foodnetwork.com/recipes/alton-brown/coffee-liqueur-ice-cream-recipe.html
http://www.foodnetwork.com/recipes/alton-brown/coffee-recipe.html
http://www.foodnetwork.com/recipes/alton-brown/coho-salmon-fillets-recipe.html
http://www.foodnetwork.com/recipes/alton-brown/cold-fashioned-potato-salad-recipe.html
http://www.foodnetwork.com/recipes/alton-brown/coleslaw-recipe.html
http://www.foodnetwork.com/recipes/alton-brown/compound-butter-recipe.html
http://www.foodnetwork.com/recipes/alton-brown/concord-grape-royal-recipe.html
http://www.foodnetwork.com/recipes/alton-brown/coq-au-vin-recipe.html
http://www.foodnetwork.com/recipes/alton-brown/corn-dogs-recipe.html
http://www.foodnetwork.com/recipes/alton-brown/corned-beef-and-cabbage-recipe.html
http://www.foodnetwork.com/recipes/alton-brown/corned-beef-hash-recipe.html
http://www.foodnetwork.com/recipes/alton-brown/corned-beef-recipe.html
http://www.foodnetwork.com/recipes/alton-brown/cornish-game-hen-spatchcock-hen-recipe.html
http://www.foodnetwork.com/recipes/alton-brown/cornish-game-hen-with-bacon-and-onions-recipe.html
http://www.foodnetwork.com/recipes/alton-brown/corn-tortillas-recipe.html
http://www.foodnetwork.com/recipes/alton-brown/country-ham-recipe.html
http://www.foodnetwork.com/recipes/alton-brown/country-style-steak-recipe.html
http://www.foodnetwork.com/recipes/alton-brown/crab-cakes-or-fritters-recipe.html
http://www.foodnetwork.com/recipes/alton-brown/cranberry-granita-recipe.html
http://www.foodnetwork.com/recipes/alton-brown/cranberry-sauce.html
http://www.foodnetwork.com/recipes/alton-brown/cranberry-sauce-recipe2.html
http://www.foodnetwork.com/recipes/alton-brown/cranberry-sauce-recipe.html
http://www.foodnetwork.com/recipes/alton-brown/crawfish-boil-recipe.html
http://www.foodnetwork.com/recipes/alton-brown/cream-cheese-frosting-for-red-velvet-cake-recipe.html
http://www.foodnetwork.com/recipes/alton-brown/creamed-corn-cornbread-recipe2.html
http://www.foodnetwork.com/recipes/alton-brown/creamed-corn-cornbread-recipe.html
http://www.foodnetwork.com/recipes/alton-brown/creamy-garlic-mashed-potatoes-recipe.html
http://www.foodnetwork.com/recipes/alton-brown/creamy-mashed-potatoes-recipe.html
http://www.foodnetwork.com/recipes/alton-brown/crema-recipe.html
http://www.foodnetwork.com/recipes/alton-brown/creme-brulee-recipe.html
http://www.foodnetwork.com/recipes/alton-brown/crepe-quiche-lorraine-recipe2.html
http://www.foodnetwork.com/recipes/alton-brown/crepe-quiche-lorraine-recipe.html
http://www.foodnetwork.com/recipes/alton-brown/crepes-recipe.html
http://www.foodnetwork.com/recipes/alton-brown/crepes-suzette-recipe.html
http://www.foodnetwork.com/recipes/alton-brown/crookneck-squash-frittata-recipe.html
http://www.foodnetwork.com/recipes/alton-brown/crown-roast-of-lamb-recipe.html
http://www.foodnetwork.com/recipes/alton-brown/cuban-sandwich-recipe.html
http://www.foodnetwork.com/recipes/alton-brown/cucumber-lemonade-gin-punch-recipe.html
http://www.foodnetwork.com/recipes/alton-brown/curried-split-pea-soup-recipe.html
http://www.foodnetwork.com/recipes/alton-brown/curry-chicken-pot-pie-recipe.html
http://www.foodnetwork.com/recipes/alton-brown/curry-powder-blend-recipe.html
http://www.foodnetwork.com/recipes/alton-brown/daiquiri-recipe.html
http://www.foodnetwork.com/recipes/alton-brown/dan-dan-noodles-recipe.html
http://www.foodnetwork.com/recipes/alton-brown/dark-salty-caramels-recipe.html
http://www.foodnetwork.com/recipes/alton-brown/dashi-recipe.html
http://www.foodnetwork.com/recipes/alton-brown/deep-fried-pickles-recipe.html
http://www.foodnetwork.com/recipes/alton-brown/deep-fried-turkey-recipe.html
http://www.foodnetwork.com/recipes/alton-brown/devils-food-cake-recipe.html
http://www.foodnetwork.com/recipes/alton-brown/dill-pickles-recipe.html
http://www.foodnetwork.com/recipes/alton-brown/doughnut-glaze-recipe.html
http://www.foodnetwork.com/recipes/alton-brown/dried-fruit-recipe.html
http://www.foodnetwork.com/recipes/alton-brown/dried-pear-and-fig-compote-recipe.html
http://www.foodnetwork.com/recipes/alton-brown/dry-aged-chimney-porterhouse-recipe.html
http://www.foodnetwork.com/recipes/alton-brown/dry-aged-standing-rib-roast-with-sage-jus-recipe.html
http://www.foodnetwork.com/recipes/alton-brown/dry-fried-calamari-recipe.html
http://www.foodnetwork.com/recipes/alton-brown/dry-fried-okra-recipe.html
http://www.foodnetwork.com/recipes/alton-brown/dry-roasted-edamame-brittle-recipe.html
http://www.foodnetwork.com/recipes/alton-brown/dulce-de-leche-recipe.html
http://www.foodnetwork.com/recipes/alton-brown/easy-and-delicious-pumpkin-mousse-recipe.html
http://www.foodnetwork.com/recipes/alton-brown/easy-tofu-dressing-recipe.html
http://www.foodnetwork.com/recipes/alton-brown/edamame-dip-recipe.html
http://www.foodnetwork.com/recipes/alton-brown/eggnog-ice-cream-recipe2.html
http://www.foodnetwork.com/recipes/alton-brown/eggnog-ice-cream-recipe.html
http://www.foodnetwork.com/recipes/alton-brown/eggnog-recipe2.html
http://www.foodnetwork.com/recipes/alton-brown/eggnog-recipe.html
http://www.foodnetwork.com/recipes/alton-brown/eggplant-pasta-recipe.html
http://www.foodnetwork.com/recipes/alton-brown/eggplant-steaks-recipe.html
http://www.foodnetwork.com/recipes/alton-brown/eggs-benedict-recipe.html
http://www.foodnetwork.com/recipes/alton-brown/eggs-over-easy-recipe2.html
http://www.foodnetwork.com/recipes/alton-brown/eggs-over-easy-recipe.html
http://www.foodnetwork.com/recipes/alton-brown/enchilada-lasagna-recipe.html
http://www.foodnetwork.com/recipes/alton-brown/english-muffins-recipe.html
http://www.foodnetwork.com/recipes/alton-brown/escabeche-of-trout-recipe.html
http://www.foodnetwork.com/recipes/alton-brown/falafel-recipe.html
http://www.foodnetwork.com/recipes/alton-brown/faux-peanut-sauce-recipe.html
http://www.foodnetwork.com/recipes/alton-brown/fillet-ofu-recipe.html
http://www.foodnetwork.com/recipes/alton-brown/firecrackers-recipe.html
http://www.foodnetwork.com/recipes/alton-brown/fish-roll-with-compound-butter-recipe.html
http://www.foodnetwork.com/recipes/alton-brown/fish-taco-recipe.html
http://www.foodnetwork.com/recipes/alton-brown/flaming-shrimp-and-grits-recipe.html
http://www.foodnetwork.com/recipes/alton-brown/flandango-recipe.html
http://www.foodnetwork.com/recipes/alton-brown/flounder-fish-salad-recipe.html
http://www.foodnetwork.com/recipes/alton-brown/flour-tortillas-recipe.html
http://www.foodnetwork.com/recipes/alton-brown/foam-whipper-chocolate-mousse-recipe.html
http://www.foodnetwork.com/recipes/alton-brown/fondue-vudu-recipe2.html
http://www.foodnetwork.com/recipes/alton-brown/fondue-vudu-recipe.html
http://www.foodnetwork.com/recipes/alton-brown/free-range-fruitcake-recipe2.html
http://www.foodnetwork.com/recipes/alton-brown/free-range-fruitcake-recipe.html
http://www.foodnetwork.com/recipes/alton-brown/french-onion-soup-recipe2.html
http://www.foodnetwork.com/recipes/alton-brown/french-onion-soup-recipe.html
http://www.foodnetwork.com/recipes/alton-brown/french-toast-recipe.html
http://www.foodnetwork.com/recipes/alton-brown/fresh-broccoli-salad-recipe.html
http://www.foodnetwork.com/recipes/alton-brown/fresh-cranberry-cosmo-recipe.html
http://www.foodnetwork.com/recipes/alton-brown/fried-chicken-recipe.html
http://www.foodnetwork.com/recipes/alton-brown/fried-plantains-recipe.html
http://www.foodnetwork.com/recipes/alton-brown/frittata-recipe.html
http://www.foodnetwork.com/recipes/alton-brown/fromage-fort-recipe.html
http://www.foodnetwork.com/recipes/alton-brown/frozen-blueberry-pie-recipe.html
http://www.foodnetwork.com/recipes/alton-brown/frozen-green-peas-recipe.html
http://www.foodnetwork.com/recipes/alton-brown/frozen-peaches-recipe.html
http://www.foodnetwork.com/recipes/alton-brown/frozen-strawberries-recipe.html
http://www.foodnetwork.com/recipes/alton-brown/frozen-summer-squash-recipe.html
http://www.foodnetwork.com/recipes/alton-brown/fruit-salad-with-vanilla-dressing-recipe.html
http://www.foodnetwork.com/recipes/alton-brown/fruit-tart-recipe.html
http://www.foodnetwork.com/recipes/alton-brown/fruity-oil-ice-cream-recipe.html
http://www.foodnetwork.com/recipes/alton-brown/funnel-cake-recipe.html
http://www.foodnetwork.com/recipes/alton-brown/game-day-wings-recipe.html
http://www.foodnetwork.com/recipes/alton-brown/ganache-frosting-recipe.html
http://www.foodnetwork.com/recipes/alton-brown/ganache-recipe.html
http://www.foodnetwork.com/recipes/alton-brown/garden-vegetable-soup-recipe.html
http://www.foodnetwork.com/recipes/alton-brown/garlic-shrimp-casserole-recipe.html
http://www.foodnetwork.com/recipes/alton-brown/gazpacho-recipe.html
http://www.foodnetwork.com/recipes/alton-brown/ge-court-bouillon-recipe.html
http://www.foodnetwork.com/recipes/alton-brown/ghee-recipe.html
http://www.foodnetwork.com/recipes/alton-brown/ginger-ale-recipe.html
http://www.foodnetwork.com/recipes/alton-brown/ginger-almonds-recipe.html
http://www.foodnetwork.com/recipes/alton-brown/ginger-snaps-recipe2.html
http://www.foodnetwork.com/recipes/alton-brown/ginger-snaps-recipe.html
http://www.foodnetwork.com/recipes/alton-brown/glazed-baby-beets-recipe.html
http://www.foodnetwork.com/recipes/alton-brown/glazed-bonito-flakes-recipe.html
http://www.foodnetwork.com/recipes/alton-brown/glazed-carrots-recipe.html
http://www.foodnetwork.com/recipes/alton-brown/gold-cake-recipe.html
http://www.foodnetwork.com/recipes/alton-brown/good-brew-recipe.html
http://www.foodnetwork.com/recipes/alton-brown/good-eats-beef-stew-recipe.html
http://www.foodnetwork.com/recipes/alton-brown/good-eats-company-punch-recipe.html
http://www.foodnetwork.com/recipes/alton-brown/good-eats-fudgepops-recipe.html
http://www.foodnetwork.com/recipes/alton-brown/good-eats-meat-loaf-recipe2.html
http://www.foodnetwork.com/recipes/alton-brown/good-eats-meat-loaf-recipe.html
http://www.foodnetwork.com/recipes/alton-brown/good-eats-roast-turkey-recipe4.html
http://www.foodnetwork.com/recipes/alton-brown/good-eats-roast-turkey-recipe.html
http://www.foodnetwork.com/recipes/alton-brown/good-gravy.html
http://www.foodnetwork.com/recipes/alton-brown/graham-crackers-recipe.html
http://www.foodnetwork.com/recipes/alton-brown/granola-bars-recipe2.html
http://www.foodnetwork.com/recipes/alton-brown/granola-bars-recipe.html
http://www.foodnetwork.com/recipes/alton-brown/granola-recipe.html
http://www.foodnetwork.com/recipes/alton-brown/grapefruit-brulee-recipe.html
http://www.foodnetwork.com/recipes/alton-brown/grape-gazpacho-recipe.html
http://www.foodnetwork.com/recipes/alton-brown/gravy-from-roast-drippings-recipe.html
http://www.foodnetwork.com/recipes/alton-brown/greek-style-yogurt-herb-cheese-spread-recipe.html
http://www.foodnetwork.com/recipes/alton-brown/green-peas-with-cheese-and-herbs-recipe.html
http://www.foodnetwork.com/recipes/alton-brown/griddle-seared-kobe-recipe.html
http://www.foodnetwork.com/recipes/alton-brown/grilled-braised-leeks-recipe.html
http://www.foodnetwork.com/recipes/alton-brown/grilled-brussels-sprouts-recipe.html
http://www.foodnetwork.com/recipes/alton-brown/grilled-curry-cornish-hens-recipe.html
http://www.foodnetwork.com/recipes/alton-brown/grilled-fruit-clafoutis-recipe.html
http://www.foodnetwork.com/recipes/alton-brown/grilled-leg-of-lamb-with-pomegranate-molasses-recipe.html
http://www.foodnetwork.com/recipes/alton-brown/grilled-mahi-mahi-ceviche-style-recipe.html
http://www.foodnetwork.com/recipes/alton-brown/grilled-peach-melba-recipe.html
http://www.foodnetwork.com/recipes/alton-brown/grilled-pizza-three-ways-recipe.html
http://www.foodnetwork.com/recipes/alton-brown/grilled-pork-tenderloin-recipe.html
http://www.foodnetwork.com/recipes/alton-brown/grilled-romaine-recipe.html
http://www.foodnetwork.com/recipes/alton-brown/guacamole-recipe.html
http://www.foodnetwork.com/recipes/alton-brown/gyro-meat-with-tzatziki-sauce-recipe.html
http://www.foodnetwork.com/recipes/alton-brown/haggis-recipe.html
http://www.foodnetwork.com/recipes/alton-brown/hail-caesar-salad-recipe.html
http://www.foodnetwork.com/recipes/alton-brown/healthier-biscuits-recipe.html
http://www.foodnetwork.com/recipes/alton-brown/herb-oil-recipe.html
http://www.foodnetwork.com/recipes/alton-brown/herb-spread-recipe.html
http://www.foodnetwork.com/recipes/alton-brown/hollandaise-recipe.html
http://www.foodnetwork.com/recipes/alton-brown/homemade-dark-brown-sugar-recipe.html
http://www.foodnetwork.com/recipes/alton-brown/homemade-hard-pretzels-recipe.html
http://www.foodnetwork.com/recipes/alton-brown/homemade-italian-breadcrumbs-recipe.html
http://www.foodnetwork.com/recipes/alton-brown/homemade-marshmallows-recipe.html
http://www.foodnetwork.com/recipes/alton-brown/homemade-peanut-butter-recipe.html
http://www.foodnetwork.com/recipes/alton-brown/homemade-soft-pretzels-recipe.html
http://www.foodnetwork.com/recipes/alton-brown/home-of-the-braise-recipe.html
http://www.foodnetwork.com/recipes/alton-brown/honey-brined-smoked-turkey-recipe2.html
http://www.foodnetwork.com/recipes/alton-brown/honey-butter-recipe.html
http://www.foodnetwork.com/recipes/alton-brown/honey-mustard-cure-recipe.html
http://www.foodnetwork.com/recipes/alton-brown/honey-mustard-dressing-recipe.html
http://www.foodnetwork.com/recipes/alton-brown/honey-plums-recipe.html
http://www.foodnetwork.com/recipes/alton-brown/horseradish-cream-sauce-recipe.html
http://www.foodnetwork.com/recipes/alton-brown/hot-cocoa-recipe.html
http://www.foodnetwork.com/recipes/alton-brown/hot-melon-salad-recipe.html
http://www.foodnetwork.com/recipes/alton-brown/hot-smoked-trout-recipe.html
http://www.foodnetwork.com/recipes/alton-brown/hot-spinach-and-artichoke-dip-recipe.html
http://www.foodnetwork.com/recipes/alton-brown/hot-tamales-recipe.html
http://www.foodnetwork.com/recipes/alton-brown/hot-toddy-recipe.html
http://www.foodnetwork.com/recipes/alton-brown/hummus-for-real-recipe.html
http://www.foodnetwork.com/recipes/alton-brown/hummus-in-a-hurry-recipe.html
http://www.foodnetwork.com/recipes/alton-brown/hurry-curry-cauliflower-recipe.html
http://www.foodnetwork.com/recipes/alton-brown/in-a-cranberry-jam-recipe.html
http://www.foodnetwork.com/recipes/alton-brown/indian-rice-pudding-recipe.html
http://www.foodnetwork.com/recipes/alton-brown/individual-berry-crisps-recipe.html
http://www.foodnetwork.com/recipes/alton-brown/individual-chicken-pot-pie-with-puff-pastry-recipe.html
http://www.foodnetwork.com/recipes/alton-brown/individual-fruit-compote-pies-recipe.html
http://www.foodnetwork.com/recipes/alton-brown/individual-peach-upside-down-cake-recipe.html
http://www.foodnetwork.com/recipes/alton-brown/instant-chocolate-cake-recipe.html
http://www.foodnetwork.com/recipes/alton-brown/instant-pancake-mix-recipe.html
http://www.foodnetwork.com/recipes/alton-brown/island-ceviche-with-pickled-onions-recipe.html
http://www.foodnetwork.com/recipes/alton-brown/italian-sausage-recipe.html
http://www.foodnetwork.com/recipes/alton-brown/its-a-wonderful-waldorf-recipe2.html
http://www.foodnetwork.com/recipes/alton-brown/its-a-wonderful-waldorf-recipe.html
http://www.foodnetwork.com/recipes/alton-brown/jerky-recipe.html
http://www.foodnetwork.com/recipes/alton-brown/jerky-tomato-sauce-recipe.html
http://www.foodnetwork.com/recipes/alton-brown/key-lime-sorbet-recipe2.html
http://www.foodnetwork.com/recipes/alton-brown/key-lime-sorbet-recipe3.html
http://www.foodnetwork.com/recipes/alton-brown/key-lime-sorbet-recipe.html
http://www.foodnetwork.com/recipes/alton-brown/kinda-sorta-sours-recipe.html
http://www.foodnetwork.com/recipes/alton-brown/lamb-shoulder-chops-with-red-wine-recipe.html
http://www.foodnetwork.com/recipes/alton-brown/lamb-tikka-masala-recipe.html
http://www.foodnetwork.com/recipes/alton-brown/lasagna-noodle-kugel-recipe.html
http://www.foodnetwork.com/recipes/alton-brown/lavash-recipe.html
http://www.foodnetwork.com/recipes/alton-brown/leek-potato-soup-recipe.html
http://www.foodnetwork.com/recipes/alton-brown/leek-rings-recipe.html
http://www.foodnetwork.com/recipes/alton-brown/leftover-baked-potato-soup-recipe.html
http://www.foodnetwork.com/recipes/alton-brown/leftover-oatmeal-bread-recipe.html
http://www.foodnetwork.com/recipes/alton-brown/lemon-curd-recipe2.html
http://www.foodnetwork.com/recipes/alton-brown/lemon-curd-recipe.html
http://www.foodnetwork.com/recipes/alton-brown/lemon-meringue-pie-recipe.html
http://www.foodnetwork.com/recipes/alton-brown/lemon-sesame-glazed-greens-recipe.html
http://www.foodnetwork.com/recipes/alton-brown/lentil-cookies-recipe.html
http://www.foodnetwork.com/recipes/alton-brown/lentil-salad-recipe.html
http://www.foodnetwork.com/recipes/alton-brown/lentil-soup-recipe.html
http://www.foodnetwork.com/recipes/alton-brown/lime-tortilla-chips-recipe.html
http://www.foodnetwork.com/recipes/alton-brown/limoncello-recipe.html
http://www.foodnetwork.com/recipes/alton-brown/macadamia-nut-crusted-mahi-mahi-recipe.html
http://www.foodnetwork.com/recipes/alton-brown/macerated-strawberries-recipe2.html
http://www.foodnetwork.com/recipes/alton-brown/macerated-strawberries-recipe.html
http://www.foodnetwork.com/recipes/alton-brown/man-bacon-recipe.html
http://www.foodnetwork.com/recipes/alton-brown/man-coffee-recipe.html
http://www.foodnetwork.com/recipes/alton-brown/man-eggs-recipe.html
http://www.foodnetwork.com/recipes/alton-brown/mango-chutney-recipe.html
http://www.foodnetwork.com/recipes/alton-brown/man-hash-browns-recipe.html
http://www.foodnetwork.com/recipes/alton-brown/margarita-recipe.html
http://www.foodnetwork.com/recipes/alton-brown/marinated-crab-salad-recipe.html
http://www.foodnetwork.com/recipes/alton-brown/marinated-slaw-recipe.html
http://www.foodnetwork.com/recipes/alton-brown/masa-tot-recipe.html
http://www.foodnetwork.com/recipes/alton-brown/mashers-recipe2.html
http://www.foodnetwork.com/recipes/alton-brown/mashers-recipe.html
http://www.foodnetwork.com/recipes/alton-brown/mayonnaise-recipe.html
http://www.foodnetwork.com/recipes/alton-brown/meatball-sandwiches-recipe.html
http://www.foodnetwork.com/recipes/alton-brown/meat-sauce-and-spaghetti-recipe.html
http://www.foodnetwork.com/recipes/alton-brown/medieval-game-hen-pot-pie-recipe.html
http://www.foodnetwork.com/recipes/alton-brown/melon-sorbet-recipe.html
http://www.foodnetwork.com/recipes/alton-brown/mexican-bbq-sauce-recipe.html
http://www.foodnetwork.com/recipes/alton-brown/mexican-hot-chocolate-recipe.html
http://www.foodnetwork.com/recipes/alton-brown/microwave-chocolate-tempering-recipe.html
http://www.foodnetwork.com/recipes/alton-brown/microwave-toasted-pine-nuts-recipe.html
http://www.foodnetwork.com/recipes/alton-brown/mighty-duck-recipe.html
http://www.foodnetwork.com/recipes/alton-brown/mincemeat-pie-recipe2.html
http://www.foodnetwork.com/recipes/alton-brown/mini-man-burgers-recipe.html
http://www.foodnetwork.com/recipes/alton-brown/mint-chip-ice-cream-recipe.html
http://www.foodnetwork.com/recipes/alton-brown/mint-julep-recipe.html
http://www.foodnetwork.com/recipes/alton-brown/miso-honey-glazed-fish-recipe.html
http://www.foodnetwork.com/recipes/alton-brown/miso-soup-recipe.html
http://www.foodnetwork.com/recipes/alton-brown/mojo-moulies-recipe.html
http://www.foodnetwork.com/recipes/alton-brown/molasses-black-pepper-cure-recipe.html
http://www.foodnetwork.com/recipes/alton-brown/molasses-coffee-marinated-pork-chops-recipe.html
http://www.foodnetwork.com/recipes/alton-brown/moo-less-chocolate-pie-recipe.html
http://www.foodnetwork.com/recipes/alton-brown/mulled-wine-recipe.html
http://www.foodnetwork.com/recipes/alton-brown/mushroom-crepe-cake-recipe.html
http://www.foodnetwork.com/recipes/alton-brown/mushroom-stroganoff-with-goat-cheese-recipe.html
http://www.foodnetwork.com/recipes/alton-brown/mushroom-wheat-berry-pilaf-recipe.html
http://www.foodnetwork.com/recipes/alton-brown/mustard-green-gratin-recipe.html
http://www.foodnetwork.com/recipes/alton-brown/next-day-mac-and-cheese-toast-recipe.html
http://www.foodnetwork.com/recipes/alton-brown/no-guilt-caesar-recipe.html
http://www.foodnetwork.com/recipes/alton-brown/no-pan-pear-pie-recipe.html
http://www.foodnetwork.com/recipes/alton-brown/not-your-mamas-green-bean-casserole-recipe.html
http://www.foodnetwork.com/recipes/alton-brown/oatiest-oatmeal-cookie-recipe.html
http://www.foodnetwork.com/recipes/alton-brown/oat-waffle-recipe.html
http://www.foodnetwork.com/recipes/alton-brown/oeufs-a-la-neige-recipe.html
http://www.foodnetwork.com/recipes/alton-brown/oil-poached-flounder-recipe.html
http://www.foodnetwork.com/recipes/alton-brown/okra-and-tomatoes-recipe.html
http://www.foodnetwork.com/recipes/alton-brown/olive-loaf-recipe.html
http://www.foodnetwork.com/recipes/alton-brown/omelet-for-a-crowd-recipe.html
http://www.foodnetwork.com/recipes/alton-brown/omelet-recipe.html
http://www.foodnetwork.com/recipes/alton-brown/onion-dip-from-scratch-recipe.html
http://www.foodnetwork.com/recipes/alton-brown/orange-delicious-recipe.html
http://www.foodnetwork.com/recipes/alton-brown/orange-glazed-chicken-wings-recipe.html
http://www.foodnetwork.com/recipes/alton-brown/orange-marmalade-recipe.html
http://www.foodnetwork.com/recipes/alton-brown/orange-sherbet-recipe.html
http://www.foodnetwork.com/recipes/alton-brown/oven-roasted-broccoli-recipe.html
http://www.foodnetwork.com/recipes/alton-brown/overnight-cinnamon-rolls-recipe.html
http://www.foodnetwork.com/recipes/alton-brown/overnight-citrus-ginger-ring-recipe.html
http://www.foodnetwork.com/recipes/alton-brown/overnight-monkey-bread-recipe.html
http://www.foodnetwork.com/recipes/alton-brown/overnight-oatmeal-recipe.html
http://www.foodnetwork.com/recipes/alton-brown/overstuffed-pattypan-squash-recipe.html
http://www.foodnetwork.com/recipes/alton-brown/oyster-dressing.html
http://www.foodnetwork.com/recipes/alton-brown/oyster-soup-recipe.html
http://www.foodnetwork.com/recipes/alton-brown/pad-thai-recipe.html
http://www.foodnetwork.com/recipes/alton-brown/paella-recipe.html
http://www.foodnetwork.com/recipes/alton-brown/pan-bagnat-recipe.html
http://www.foodnetwork.com/recipes/alton-brown/pancake-cake-with-avocado-frosting-recipe.html
http://www.foodnetwork.com/recipes/alton-brown/pan-fried-smelts-recipe.html
http://www.foodnetwork.com/recipes/alton-brown/panini-press-omelet-recipe.html
http://www.foodnetwork.com/recipes/alton-brown/panna-cotta-brain-with-cranberry-glaze-recipe.html
http://www.foodnetwork.com/recipes/alton-brown/pan-seared-rib-eye-recipe.html
http://www.foodnetwork.com/recipes/alton-brown/pantry-friendly-tomato-sauce-recipe.html
http://www.foodnetwork.com/recipes/alton-brown/papaya-soup-recipe.html
http://www.foodnetwork.com/recipes/alton-brown/paradise-macaroons-recipe.html
http://www.foodnetwork.com/recipes/alton-brown/parker-house-rolls-recipe.html
http://www.foodnetwork.com/recipes/alton-brown/parmesan-crisps-recipe.html
http://www.foodnetwork.com/recipes/alton-brown/parsley-salad-recipe.html
http://www.foodnetwork.com/recipes/alton-brown/parsnip-crisps-recipe.html
http://www.foodnetwork.com/recipes/alton-brown/parsnip-muffins-recipe.html
http://www.foodnetwork.com/recipes/alton-brown/party-mayonnaise-recipe.html
http://www.foodnetwork.com/recipes/alton-brown/party-size-baked-alaska-recipe.html
http://www.foodnetwork.com/recipes/alton-brown/pasta-recipe2.html
http://www.foodnetwork.com/recipes/alton-brown/pasta-recipe.html
http://www.foodnetwork.com/recipes/alton-brown/pavlova-recipe.html
http://www.foodnetwork.com/recipes/alton-brown/peanut-brittle-recipe.html
http://www.foodnetwork.com/recipes/alton-brown/peanut-butter-fudge-recipe.html
http://www.foodnetwork.com/recipes/alton-brown/peanut-butter-pie-recipe.html
http://www.foodnetwork.com/recipes/alton-brown/pear-cranberry-pie-recipe.html
http://www.foodnetwork.com/recipes/alton-brown/pearsnip-sauce-recipe.html
http://www.foodnetwork.com/recipes/alton-brown/pear-walnut-wontons-recipe.html
http://www.foodnetwork.com/recipes/alton-brown/pecan-sour-cream-waffles-recipe.html
http://www.foodnetwork.com/recipes/alton-brown/pepper-pork-chops.html
http://www.foodnetwork.com/recipes/alton-brown/pepper-vodka-recipe.html
http://www.foodnetwork.com/recipes/alton-brown/perfect-cup-of-tea-recipe.html
http://www.foodnetwork.com/recipes/alton-brown/perfect-eggs-over-easy-recipe.html
http://www.foodnetwork.com/recipes/alton-brown/perfect-fingerling-potatoes-recipe.html
http://www.foodnetwork.com/recipes/alton-brown/perfect-omelet-recipe.html
http://www.foodnetwork.com/recipes/alton-brown/perfect-poached-eggs-recipe.html
http://www.foodnetwork.com/recipes/alton-brown/perfect-popcorn-recipe.html
http://www.foodnetwork.com/recipes/alton-brown/perfect-potstickers-recipe.html
http://www.foodnetwork.com/recipes/alton-brown/perfect-rice-in-a-rush-recipe.html
http://www.foodnetwork.com/recipes/alton-brown/perfect-scrambled-eggs-recipe.html
http://www.foodnetwork.com/recipes/alton-brown/pickled-beets-recipe.html
http://www.foodnetwork.com/recipes/alton-brown/pickled-okra-recipe.html
http://www.foodnetwork.com/recipes/alton-brown/pickled-pork-recipe.html
http://www.foodnetwork.com/recipes/alton-brown/pie-crust-recipe.html
http://www.foodnetwork.com/recipes/alton-brown/pineapple-upside-down-cornmeal-cake-recipe2.html
http://www.foodnetwork.com/recipes/alton-brown/pineapple-upside-down-cornmeal-cake-recipe.html
http://www.foodnetwork.com/recipes/alton-brown/pistachio-fruit-balls-recipe2.html
http://www.foodnetwork.com/recipes/alton-brown/pistachio-fruit-balls-recipe.html
http://www.foodnetwork.com/recipes/alton-brown/pistachio-mixed-herb-pesto-recipe.html
http://www.foodnetwork.com/recipes/alton-brown/pizza-pizzas-recipe4.html
http://www.foodnetwork.com/recipes/alton-brown/plank-grilled-whole-trout-recipe.html
http://www.foodnetwork.com/recipes/alton-brown/poached-eggs-recipe.html
http://www.foodnetwork.com/recipes/alton-brown/pocket-pies-recipe.html
http://www.foodnetwork.com/recipes/alton-brown/pomegranate-gelatin-recipe.html
http://www.foodnetwork.com/recipes/alton-brown/pomegranate-syrup-or-molasses-recipe.html
http://www.foodnetwork.com/recipes/alton-brown/popcorn-balls-recipe.html
http://www.foodnetwork.com/recipes/alton-brown/pork-wellington-recipe.html
http://www.foodnetwork.com/recipes/alton-brown/positively-absolutely-not-real-bouillabaisse-recipe.html
http://www.foodnetwork.com/recipes/alton-brown/potato-chips-recipe.html
http://www.foodnetwork.com/recipes/alton-brown/potatoportobello-gratin-recipe.html
http://www.foodnetwork.com/recipes/alton-brown/potato-roesti-recipe.html
http://www.foodnetwork.com/recipes/alton-brown/pot-ogreens-recipe.html
http://www.foodnetwork.com/recipes/alton-brown/pot-roast-recipe.html
http://www.foodnetwork.com/recipes/alton-brown/pound-cake-recipe.html
http://www.foodnetwork.com/recipes/alton-brown/praline-bacon-recipe.html
http://www.foodnetwork.com/recipes/alton-brown/pressure-cooker-chicken-broth-recipe.html
http://www.foodnetwork.com/recipes/alton-brown/pressure-cooker-chickpeas-recipe.html
http://www.foodnetwork.com/recipes/alton-brown/pressure-cooker-chili-recipe.html
http://www.foodnetwork.com/recipes/alton-brown/protein-bars-recipe.html
http://www.foodnetwork.com/recipes/alton-brown/pulled-pork-recipe.html
http://www.foodnetwork.com/recipes/alton-brown/pumpkin-bread-recipe.html
http://www.foodnetwork.com/recipes/alton-brown/pumpkin-pie-recipe.html
http://www.foodnetwork.com/recipes/alton-brown/pumpkin-puree-recipe.html
http://www.foodnetwork.com/recipes/alton-brown/pumpkin-seed-brittle-recipe.html
http://www.foodnetwork.com/recipes/alton-brown/quick-cottage-cheese-recipe.html
http://www.foodnetwork.com/recipes/alton-brown/radonsky-for-the-new-millenium-recipe.html
http://www.foodnetwork.com/recipes/alton-brown/ramen-shrimp-pouch-recipe.html
http://www.foodnetwork.com/recipes/alton-brown/ravioli-recipe.html
http://www.foodnetwork.com/recipes/alton-brown/raymond-beurre-blanc-recipe.html
http://www.foodnetwork.com/recipes/alton-brown/recipe-wizard-test-1.html
http://www.foodnetwork.com/recipes/alton-brown/red-beans-and-rice-recipe.html
http://www.foodnetwork.com/recipes/alton-brown/red-pepper-brine-recipe.html
http://www.foodnetwork.com/recipes/alton-brown/red-snapper-en-papillote-recipe.html
http://www.foodnetwork.com/recipes/alton-brown/red-velvet-cake-recipe.html
http://www.foodnetwork.com/recipes/alton-brown/refresco-de-avena-recipe.html
http://www.foodnetwork.com/recipes/alton-brown/refrigerated-banana-pudding-recipe.html
http://www.foodnetwork.com/recipes/alton-brown/refrigerator-pie-recipe.html
http://www.foodnetwork.com/recipes/alton-brown/rendered-lard-recipe.html
http://www.foodnetwork.com/recipes/alton-brown/rhubarb-peach-cobbler-recipe.html
http://www.foodnetwork.com/recipes/alton-brown/rice-pilaf-recipe2.html
http://www.foodnetwork.com/recipes/alton-brown/rice-pilaf-recipe.html
http://www.foodnetwork.com/recipes/alton-brown/ring-of-fire-grilled-chicken-recipe.html
http://www.foodnetwork.com/recipes/alton-brown/roast-duck-with-oyster-dressing-recipe.html
http://www.foodnetwork.com/recipes/alton-brown/roasted-asparagus-recipe.html
http://www.foodnetwork.com/recipes/alton-brown/roasted-chickpeas-recipe.html
http://www.foodnetwork.com/recipes/alton-brown/roasted-edamame-salad-recipe.html
http://www.foodnetwork.com/recipes/alton-brown/roasted-peanuts-recipe.html
http://www.foodnetwork.com/recipes/alton-brown/roasted-vegetable-spread-recipe.html
http://www.foodnetwork.com/recipes/alton-brown/rocky-road-bark-recipe.html
http://www.foodnetwork.com/recipes/alton-brown/rollmops-recipe.html
http://www.foodnetwork.com/recipes/alton-brown/royal-icing-recipe.html
http://www.foodnetwork.com/recipes/alton-brown/salmon-fillet-en-papillote-with-julienne-vegetable-recipe.html
http://www.foodnetwork.com/recipes/alton-brown/salmon-jerky-recipe.html
http://www.foodnetwork.com/recipes/alton-brown/salmon-turnovers-recipe.html
http://www.foodnetwork.com/recipes/alton-brown/salsa-recipe.html
http://www.foodnetwork.com/recipes/alton-brown/salsa-with-ancho-chiles.html
http://www.foodnetwork.com/recipes/alton-brown/salt-roasted-shrimp-recipe.html
http://www.foodnetwork.com/recipes/alton-brown/sangria-recipe.html
http://www.foodnetwork.com/recipes/alton-brown/sauerbraten-recipe.html
http://www.foodnetwork.com/recipes/alton-brown/sauerkraut-recipe.html
http://www.foodnetwork.com/recipes/alton-brown/savory-cheesecake-recipe.html
http://www.foodnetwork.com/recipes/alton-brown/savory-herb-popcorn-recipe.html
http://www.foodnetwork.com/recipes/alton-brown/savory-polenta-recipe.html
http://www.foodnetwork.com/recipes/alton-brown/sawmill-gravy-recipe.html
http://www.foodnetwork.com/recipes/alton-brown/scallop-mousse-recipe.html
http://www.foodnetwork.com/recipes/alton-brown/scallops-on-the-half-shell-recipe.html
http://www.foodnetwork.com/recipes/alton-brown/scones-recipe.html
http://www.foodnetwork.com/recipes/alton-brown/scrambled-eggs-unscrambled-recipe2.html
http://www.foodnetwork.com/recipes/alton-brown/scrambled-eggs-unscrambled-recipe.html
http://www.foodnetwork.com/recipes/alton-brown/scrap-iron-chefs-bacon-recipe.html
http://www.foodnetwork.com/recipes/alton-brown/seared-scallops-recipe.html
http://www.foodnetwork.com/recipes/alton-brown/seaside-squid-salad-recipe.html
http://www.foodnetwork.com/recipes/alton-brown/seedy-crisps-recipe.html
http://www.foodnetwork.com/recipes/alton-brown/serious-vanilla-ice-cream-recipe2.html
http://www.foodnetwork.com/recipes/alton-brown/serious-vanilla-ice-cream-recipe.html
http://www.foodnetwork.com/recipes/alton-brown/shepherds-pie-recipe2.html
http://www.foodnetwork.com/recipes/alton-brown/sherried-sardine-toast-recipe.html
http://www.foodnetwork.com/recipes/alton-brown/shoo-fly-pie-recipe.html
http://www.foodnetwork.com/recipes/alton-brown/shortcake-recipe.html
http://www.foodnetwork.com/recipes/alton-brown/shred-head-butter-and-bread-recipe.html
http://www.foodnetwork.com/recipes/alton-brown/shrimp-gumbo-recipe.html
http://www.foodnetwork.com/recipes/alton-brown/silence-of-the-leg-o-lamb-recipe.html
http://www.foodnetwork.com/recipes/alton-brown/simple-vanilla-buttercream-frosting.html
http://www.foodnetwork.com/recipes/alton-brown/sirloin-steak-recipe.html
http://www.foodnetwork.com/recipes/alton-brown/skirt-steak-recipe.html
http://www.foodnetwork.com/recipes/alton-brown/slacker-jacks-recipe.html
http://www.foodnetwork.com/recipes/alton-brown/slow-cooker-chickpeas-recipe.html
http://www.foodnetwork.com/recipes/alton-brown/slow-cooker-lasagna-recipe.html
http://www.foodnetwork.com/recipes/alton-brown/slow-cooker-peach-cobbler-recipe.html
http://www.foodnetwork.com/recipes/alton-brown/slow-cooker-pepper-pork-chops-recipe.html
http://www.foodnetwork.com/recipes/alton-brown/smoked-paprika-chicken-thighs-with-potato-and-onion-recipe.html
http://www.foodnetwork.com/recipes/alton-brown/smoked-party-meatloaf-recipe.html
http://www.foodnetwork.com/recipes/alton-brown/smoked-salmon-recipe2.html
http://www.foodnetwork.com/recipes/alton-brown/smoked-salmon-recipe.html
http://www.foodnetwork.com/recipes/alton-brown/sour-cream-cheesecake-recipe.html
http://www.foodnetwork.com/recipes/alton-brown/southern-biscuits-recipe2.html
http://www.foodnetwork.com/recipes/alton-brown/southern-biscuits-recipe3.html
http://www.foodnetwork.com/recipes/alton-brown/southern-biscuits-recipe.html
http://www.foodnetwork.com/recipes/alton-brown/southern-fried-catfish-recipe.html
http://www.foodnetwork.com/recipes/alton-brown/soy-ginger-dipping-sauce-recipe.html
http://www.foodnetwork.com/recipes/alton-brown/soy-honey-brine-recipe.html
http://www.foodnetwork.com/recipes/alton-brown/sparkling-gingered-face-recipe.html
http://www.foodnetwork.com/recipes/alton-brown/spiced-blueberry-jammin-recipe2.html
http://www.foodnetwork.com/recipes/alton-brown/spiced-blueberry-jammin-recipe.html
http://www.foodnetwork.com/recipes/alton-brown/spiced-bread-pudding-recipe.html
http://www.foodnetwork.com/recipes/alton-brown/spiced-pecans-recipe.html
http://www.foodnetwork.com/recipes/alton-brown/spicy-beef-kebabs-recipe.html
http://www.foodnetwork.com/recipes/alton-brown/spicy-pineapple-sauce-recipe.html
http://www.foodnetwork.com/recipes/alton-brown/spicy-pineapple-slices-recipe.html
http://www.foodnetwork.com/recipes/alton-brown/spinach-salad-with-warm-bacon-dressing-recipe2.html
http://www.foodnetwork.com/recipes/alton-brown/spinach-salad-with-warm-bacon-dressing-recipe.html
http://www.foodnetwork.com/recipes/alton-brown/split-pea-burgers-recipe.html
http://www.foodnetwork.com/recipes/alton-brown/spooky-edible-eyes-recipe.html
http://www.foodnetwork.com/recipes/alton-brown/squash-soup-recipe2.html
http://www.foodnetwork.com/recipes/alton-brown/squash-soup-recipe.html
http://www.foodnetwork.com/recipes/alton-brown/squid-stuffed-squid-recipe.html
http://www.foodnetwork.com/recipes/alton-brown/squid-vicious-recipe.html
http://www.foodnetwork.com/recipes/alton-brown/stacked-puff-pastry-with-cherries-recipe.html
http://www.foodnetwork.com/recipes/alton-brown/steak-au-poivre-recipe.html
http://www.foodnetwork.com/recipes/alton-brown/steamed-alaskan-king-crab-claws-recipe.html
http://www.foodnetwork.com/recipes/alton-brown/steamed-asparagus-recipe.html
http://www.foodnetwork.com/recipes/alton-brown/steamed-couscous-recipe.html
http://www.foodnetwork.com/recipes/alton-brown/steel-cut-oatmeal-recipe.html
http://www.foodnetwork.com/recipes/alton-brown/stone-fruit-pouches-recipe.html
http://www.foodnetwork.com/recipes/alton-brown/stove-top-mac-n-cheese-recipe.html
http://www.foodnetwork.com/recipes/alton-brown/strawberry-freezer-jam-recipe.html
http://www.foodnetwork.com/recipes/alton-brown/strawberry-pudding-recipe2.html
http://www.foodnetwork.com/recipes/alton-brown/strawberry-pudding-recipe.html
http://www.foodnetwork.com/recipes/alton-brown/streusel-recipe.html
http://www.foodnetwork.com/recipes/alton-brown/strip-steak-with-pepper-cream-sauce-recipe.html
http://www.foodnetwork.com/recipes/alton-brown/stuffed-grilled-pork-chops-recipe.html
http://www.foodnetwork.com/recipes/alton-brown/stuffed-lobster-recipe.html
http://www.foodnetwork.com/recipes/alton-brown/stuffed-squash-recipe.html
http://www.foodnetwork.com/recipes/alton-brown/stuffed-tenderloin-recipe.html
http://www.foodnetwork.com/recipes/alton-brown/stuffed-tomatoes-recipe.html
http://www.foodnetwork.com/recipes/alton-brown/sugar-cookies-recipe.html
http://www.foodnetwork.com/recipes/alton-brown/sugarplums-recipe.html
http://www.foodnetwork.com/recipes/alton-brown/summer-fruits-recipe.html
http://www.foodnetwork.com/recipes/alton-brown/summer-sorbet-recipe.html
http://www.foodnetwork.com/recipes/alton-brown/super-apple-pie-recipe.html
http://www.foodnetwork.com/recipes/alton-brown/sushi-rice-recipe.html
http://www.foodnetwork.com/recipes/alton-brown/swedish-meatballs-recipe.html
http://www.foodnetwork.com/recipes/alton-brown/sweet-and-sour-dessert-sauce-recipe.html
http://www.foodnetwork.com/recipes/alton-brown/sweet-and-sour-pork-recipe.html
http://www.foodnetwork.com/recipes/alton-brown/sweet-corn-bread-pudding-recipe0.html
http://www.foodnetwork.com/recipes/alton-brown/sweet-corn-bread-pudding-recipe.html
http://www.foodnetwork.com/recipes/alton-brown/sweet-dried-fruit-compote-recipe.html
http://www.foodnetwork.com/recipes/alton-brown/sweet-or-savory-pate-a-choux-recipe.html
http://www.foodnetwork.com/recipes/alton-brown/sweet-potato-pie-recipe.html
http://www.foodnetwork.com/recipes/alton-brown/sweet-potato-waffles-recipe.html
http://www.foodnetwork.com/recipes/alton-brown/sweet-tea-recipe.html
http://www.foodnetwork.com/recipes/alton-brown/swiss-steak-recipe.html
http://www.foodnetwork.com/recipes/alton-brown/taco-potion-19-recipe.html
http://www.foodnetwork.com/recipes/alton-brown/tall-tangy-tofu-thangy-recipe.html
http://www.foodnetwork.com/recipes/alton-brown/tapenade-recipe.html
http://www.foodnetwork.com/recipes/alton-brown/tapioca-pudding-recipe.html
http://www.foodnetwork.com/recipes/alton-brown/tarragon-chive-vinegar-recipe.html
http://www.foodnetwork.com/recipes/alton-brown/tart-cranberry-dipping-sauce-recipe0.html
http://www.foodnetwork.com/recipes/alton-brown/tart-cranberry-dipping-sauce-recipe.html
http://www.foodnetwork.com/recipes/alton-brown/tbl-panzanella-recipe.html
http://www.foodnetwork.com/recipes/alton-brown/tempura-recipe.html
http://www.foodnetwork.com/recipes/alton-brown/tequila-sunrise-recipe.html
http://www.foodnetwork.com/recipes/alton-brown/thai-shrimp-spring-rolls-recipe.html
http://www.foodnetwork.com/recipes/alton-brown/thanksgiving-live-roast-turkey.html
http://www.foodnetwork.com/recipes/alton-brown/that-ol-cap-magic-recipe2.html
http://www.foodnetwork.com/recipes/alton-brown/that-ol-cap-magic-recipe.html
http://www.foodnetwork.com/recipes/alton-brown/the-baked-potato-recipe1.html
http://www.foodnetwork.com/recipes/alton-brown/the-baked-potato-recipe.html
http://www.foodnetwork.com/recipes/alton-brown/the-chewy-gluten-free-recipe.html
http://www.foodnetwork.com/recipes/alton-brown/the-chewy-recipe.html
http://www.foodnetwork.com/recipes/alton-brown/the-frenchmans-bass-recipe.html
http://www.foodnetwork.com/recipes/alton-brown/the-fungal-saute-recipe2.html
http://www.foodnetwork.com/recipes/alton-brown/the-fungal-saute-recipe.html
http://www.foodnetwork.com/recipes/alton-brown/the-oatiest-oatmeal-cookies-ever-recipe.html
http://www.foodnetwork.com/recipes/alton-brown/the-once-and-future-beans-recipe.html
http://www.foodnetwork.com/recipes/alton-brown/the-puffy-recipe.html
http://www.foodnetwork.com/recipes/alton-brown/the-shrimp-cocktail-recipe.html
http://www.foodnetwork.com/recipes/alton-brown/the-thin-recipe.html
http://www.foodnetwork.com/recipes/alton-brown/thousand-island-dressing-recipe.html
http://www.foodnetwork.com/recipes/alton-brown/toasty-coconut-macaroons-recipe.html
http://www.foodnetwork.com/recipes/alton-brown/toffee-lace-cups-recipe.html
http://www.foodnetwork.com/recipes/alton-brown/tomato-sauce-recipe.html
http://www.foodnetwork.com/recipes/alton-brown/tomato-vodka-recipe.html
http://www.foodnetwork.com/recipes/alton-brown/tortellini-recipe.html
http://www.foodnetwork.com/recipes/alton-brown/traditional-roast-turkey-recipe.html
http://www.foodnetwork.com/recipes/alton-brown/trail-mix-recipe.html
http://www.foodnetwork.com/recipes/alton-brown/tres-leche-cake-recipe.html
http://www.foodnetwork.com/recipes/alton-brown/true-brew-recipe2.html
http://www.foodnetwork.com/recipes/alton-brown/true-brew-recipe.html
http://www.foodnetwork.com/recipes/alton-brown/tsuyu-sauce-recipe.html
http://www.foodnetwork.com/recipes/alton-brown/tuna-croquette-recipe.html
http://www.foodnetwork.com/recipes/alton-brown/tuna-dressing-recipe.html
http://www.foodnetwork.com/recipes/alton-brown/tuna-salad-undone-recipe.html
http://www.foodnetwork.com/recipes/alton-brown/turbo-hummus-recipe.html
http://www.foodnetwork.com/recipes/alton-brown/turkey-giblet-gravy-recipe.html
http://www.foodnetwork.com/recipes/alton-brown/turkey-piccata-recipe.html
http://www.foodnetwork.com/recipes/alton-brown/turkey-re-hash-recipe2.html
http://www.foodnetwork.com/recipes/alton-brown/turkey-re-hash-recipe.html
http://www.foodnetwork.com/recipes/alton-brown/turkey-tamales-recipe.html
http://www.foodnetwork.com/recipes/alton-brown/turkey-with-stuffing-recipe.html
http://www.foodnetwork.com/recipes/alton-brown/ultimate-nachos-recipe2.html
http://www.foodnetwork.com/recipes/alton-brown/vanilla-ice-cream-recipe.html
http://www.foodnetwork.com/recipes/alton-brown/vanilla-lime-pineapple-skewers-recipe.html
http://www.foodnetwork.com/recipes/alton-brown/vanilla-poached-pears-recipe.html
http://www.foodnetwork.com/recipes/alton-brown/vanilla-sugar-recipe.html
http://www.foodnetwork.com/recipes/alton-brown/vanilla-wafers-recipe.html
http://www.foodnetwork.com/recipes/alton-brown/vegetable-curry-recipe.html
http://www.foodnetwork.com/recipes/alton-brown/vegetable-saute-recipe.html
http://www.foodnetwork.com/recipes/alton-brown/vegetarian-steamed-dumplings-recipe.html
http://www.foodnetwork.com/recipes/alton-brown/veni-vedi-vinaigrette-recipe.html
http://www.foodnetwork.com/recipes/alton-brown/very-basic-bread-recipe.html
http://www.foodnetwork.com/recipes/alton-brown/vlads-very-garlicky-greens-recipe.html
http://www.foodnetwork.com/recipes/alton-brown/wassail-recipe.html
http://www.foodnetwork.com/recipes/alton-brown/welsh-rarebit-recipe.html
http://www.foodnetwork.com/recipes/alton-brown/wet-fried-calamari-recipe.html
http://www.foodnetwork.com/recipes/alton-brown/wet-fried-okra-recipe.html
http://www.foodnetwork.com/recipes/alton-brown/wheat-berry-tapanade-recipe.html
http://www.foodnetwork.com/recipes/alton-brown/whipped-cream-recipe.html
http://www.foodnetwork.com/recipes/alton-brown/whipped-potatoes-recipe.html
http://www.foodnetwork.com/recipes/alton-brown/white-roux-recipe.html
http://www.foodnetwork.com/recipes/alton-brown/whole-pumpkin-pie-soup-recipe.html
http://www.foodnetwork.com/recipes/alton-brown/whole-striped-bass-recipe.html
http://www.foodnetwork.com/recipes/alton-brown/who-loves-ya-baby-back-recipe.html
http://www.foodnetwork.com/recipes/alton-brown/wild-mushroom-and-asparagus-risotto-recipe.html
http://www.foodnetwork.com/recipes/alton-brown/winter-vegetable-soup-recipe.html
http://www.foodnetwork.com/recipes/alton-brown/writing-chocolate-recipe.html
http://www.foodnetwork.com/recipes/alton-brown/yeast-doughnuts-recipe.html
http://www.foodnetwork.com/recipes/alton-brown/yogurt-cheese-recipe.html
http://www.foodnetwork.com/recipes/alton-brown/zaatar-recipe.html
http://www.foodnetwork.com/recipes/alton-brown/zabaglione-recipe.html
http://www.foodnetwork.com/recipes/alton-brown/zucchini-ribbon-salad-recipe.html
